{"/Users/jdickey/src/github.com/dickeyxxx/cli-engine-example-plugin/src/index.js": {"path":"/Users/jdickey/src/github.com/dickeyxxx/cli-engine-example-plugin/src/index.js","statementMap":{"0":{"start":{"line":15,"column":4},"end":{"line":15,"column":28}}},"fnMap":{"0":{"name":"(anonymous_0)","decl":{"start":{"line":14,"column":2},"end":{"line":14,"column":3}},"loc":{"start":{"line":14,"column":9},"end":{"line":16,"column":3}}}},"branchMap":{},"s":{"0":0},"f":{"0":0},"b":{},"_coverageSchema":"332fd63041d2c1bcb487cc26dd0d5f7d97098a6c","hash":"f570a7752865619115ed1750ea14897bc827461d"}
}
